{"level":"error","message":"[CSRF] CSRF token validation failed:","method":"POST","path":"/api/login","sessionId":"-6PPDiJC5rnS03Z36fvrZ1r1L-4lUNED","timestamp":"2025-12-07 17:50:09","tokenReceived":"none"}
{"level":"error","message":"[CSRF] CSRF token validation failed:","method":"POST","path":"/api/login","sessionId":"-6PPDiJC5rnS03Z36fvrZ1r1L-4lUNED","timestamp":"2025-12-07 17:50:26","tokenReceived":"none"}
{"level":"error","message":"[CSRF] CSRF token validation failed:","method":"POST","path":"/api/login","sessionId":"-6PPDiJC5rnS03Z36fvrZ1r1L-4lUNED","timestamp":"2025-12-07 17:50:36","tokenReceived":"none"}
{"level":"error","message":"[CSRF] CSRF token validation failed:","method":"POST","path":"/api/login","sessionId":"-6PPDiJC5rnS03Z36fvrZ1r1L-4lUNED","timestamp":"2025-12-07 17:51:37","tokenReceived":"none"}
{"level":"error","message":"[CSRF] CSRF token validation failed:","method":"POST","path":"/api/login","sessionId":"B1zTsk5ZTnA4--3n8LrAtU2UPNeNUS0I","timestamp":"2025-12-07 17:52:01","tokenReceived":"none"}
{"level":"error","message":"[CSRF] CSRF token validation failed:","method":"POST","path":"/api/login","sessionId":"lCCooQQWgBkpKSxQVjGQYtAQokdo8yWF","timestamp":"2025-12-07 17:52:20","tokenReceived":"none"}
{"level":"error","message":"[CSRF] CSRF token validation failed:","method":"POST","path":"/api/login","sessionId":"LltZd2LpsK5uk9vnGGRCbAzOSNma0Vz8","timestamp":"2025-12-07 17:54:44","tokenReceived":"none"}
{"level":"error","message":"[CSRF] CSRF token validation failed:","method":"POST","path":"/api/auth/login","sessionId":"f6mYHdwnoqBtTrPxtnJKbGXuega_4lFT","timestamp":"2025-12-07 17:57:38","tokenReceived":"1oZCUDaj-WNQsNOw2NCFioJehO086_RJ3VnI"}
{"level":"error","message":"[CSRF] CSRF token validation failed:","method":"POST","path":"/api/auth/login","sessionId":"f6mYHdwnoqBtTrPxtnJKbGXuega_4lFT","timestamp":"2025-12-07 17:57:38","tokenReceived":"1oZCUDaj-WNQsNOw2NCFioJehO086_RJ3VnI"}
{"level":"error","message":"[PostController] Get posts error: Cannot read properties of undefined (reading 'total')","stack":"TypeError: Cannot read properties of undefined (reading 'total')\n    at getPosts (C:\\Users\\LaptopWala\\OneDrive\\Desktop\\secure-by-design-web\\backend\\controllers\\postController.js:51:36)\n    at process.processTicksAndRejections (node:internal/process/task_queues:105:5)","timestamp":"2025-12-07 17:58:30"}
{"level":"error","message":"[PostController] Get posts error: Cannot read properties of undefined (reading 'total')","stack":"TypeError: Cannot read properties of undefined (reading 'total')\n    at getPosts (C:\\Users\\LaptopWala\\OneDrive\\Desktop\\secure-by-design-web\\backend\\controllers\\postController.js:51:36)\n    at process.processTicksAndRejections (node:internal/process/task_queues:105:5)","timestamp":"2025-12-07 17:58:30"}
{"level":"error","message":"[PostController] Get posts error: Cannot read properties of undefined (reading 'total')","stack":"TypeError: Cannot read properties of undefined (reading 'total')\n    at getPosts (C:\\Users\\LaptopWala\\OneDrive\\Desktop\\secure-by-design-web\\backend\\controllers\\postController.js:51:36)\n    at process.processTicksAndRejections (node:internal/process/task_queues:105:5)","timestamp":"2025-12-07 18:00:13"}
{"level":"error","message":"[PostController] Get posts error: Cannot read properties of undefined (reading 'total')","stack":"TypeError: Cannot read properties of undefined (reading 'total')\n    at getPosts (C:\\Users\\LaptopWala\\OneDrive\\Desktop\\secure-by-design-web\\backend\\controllers\\postController.js:51:36)\n    at process.processTicksAndRejections (node:internal/process/task_queues:105:5)","timestamp":"2025-12-07 18:00:18"}
{"level":"error","message":"[PostController] Get posts error: Cannot read properties of undefined (reading 'total')","stack":"TypeError: Cannot read properties of undefined (reading 'total')\n    at getPosts (C:\\Users\\LaptopWala\\OneDrive\\Desktop\\secure-by-design-web\\backend\\controllers\\postController.js:51:36)\n    at process.processTicksAndRejections (node:internal/process/task_queues:105:5)","timestamp":"2025-12-07 18:00:18"}
{"level":"error","message":"[PostController] Get posts error: Cannot read properties of undefined (reading 'total')","stack":"TypeError: Cannot read properties of undefined (reading 'total')\n    at getPosts (C:\\Users\\LaptopWala\\OneDrive\\Desktop\\secure-by-design-web\\backend\\controllers\\postController.js:51:36)\n    at process.processTicksAndRejections (node:internal/process/task_queues:105:5)","timestamp":"2025-12-07 18:00:27"}
{"level":"error","message":"[PostController] Get posts error: Cannot read properties of undefined (reading 'total')","stack":"TypeError: Cannot read properties of undefined (reading 'total')\n    at getPosts (C:\\Users\\LaptopWala\\OneDrive\\Desktop\\secure-by-design-web\\backend\\controllers\\postController.js:51:36)\n    at process.processTicksAndRejections (node:internal/process/task_queues:105:5)","timestamp":"2025-12-07 18:00:27"}
{"level":"error","message":"[PostController] Get posts error: Cannot read properties of undefined (reading 'total')","stack":"TypeError: Cannot read properties of undefined (reading 'total')\n    at getPosts (C:\\Users\\LaptopWala\\OneDrive\\Desktop\\secure-by-design-web\\backend\\controllers\\postController.js:51:36)\n    at process.processTicksAndRejections (node:internal/process/task_queues:105:5)","timestamp":"2025-12-07 18:02:48"}
{"level":"error","message":"[PostController] Get posts error: Cannot read properties of undefined (reading 'total')","stack":"TypeError: Cannot read properties of undefined (reading 'total')\n    at getPosts (C:\\Users\\LaptopWala\\OneDrive\\Desktop\\secure-by-design-web\\backend\\controllers\\postController.js:51:36)\n    at process.processTicksAndRejections (node:internal/process/task_queues:105:5)","timestamp":"2025-12-07 18:02:48"}
{"level":"error","message":"[CSRF] CSRF token validation failed:","method":"POST","path":"/api/auth/login","sessionId":"lYCOpZRBdH9dxdSLma6XAYrhAu3oARdN","timestamp":"2025-12-07 18:04:28","tokenReceived":"W1IKeR9s-1UaOgcz_J1v9YrL8xPNGcI2ss94"}
{"level":"error","message":"[CSRF] CSRF token validation failed:","method":"POST","path":"/api/auth/login","sessionId":"lYCOpZRBdH9dxdSLma6XAYrhAu3oARdN","timestamp":"2025-12-07 18:04:28","tokenReceived":"W1IKeR9s-1UaOgcz_J1v9YrL8xPNGcI2ss94"}
{"level":"error","message":"[CSRF] CSRF token validation failed:","method":"POST","path":"/api/auth/login","sessionId":"CLQM_SrdM25ErYlp_erBomuQeBsONL2R","timestamp":"2025-12-07 18:05:24","tokenReceived":"none"}
{"level":"error","message":"[CSRF] CSRF token validation failed:","method":"POST","path":"/api/auth/login","sessionId":"CLQM_SrdM25ErYlp_erBomuQeBsONL2R","timestamp":"2025-12-07 18:05:24","tokenReceived":"none"}
{"level":"error","message":"[CSRF] CSRF token validation failed:","method":"POST","path":"/api/auth/login","sessionId":"0TgNW-CLcd83aw3MnCUMoDhCpJpSau2f","timestamp":"2025-12-07 18:06:02","tokenReceived":"none"}
{"level":"error","message":"[CSRF] CSRF token validation failed:","method":"POST","path":"/api/auth/login","sessionId":"0TgNW-CLcd83aw3MnCUMoDhCpJpSau2f","timestamp":"2025-12-07 18:06:02","tokenReceived":"none"}
{"level":"error","message":"[CSRF] CSRF token validation failed:","method":"POST","path":"/api/auth/login","sessionId":"Okj0_8B1AzDgq4Q7kjkNGXEbkUhNcqpP","timestamp":"2025-12-07 18:41:19","tokenReceived":"none"}
{"level":"error","message":"[CSRF] CSRF token validation failed:","method":"POST","path":"/api/auth/login","sessionId":"Okj0_8B1AzDgq4Q7kjkNGXEbkUhNcqpP","timestamp":"2025-12-07 18:41:19","tokenReceived":"none"}
{"level":"error","message":"[CSRF] CSRF token validation failed:","method":"POST","path":"/api/auth/register","sessionId":"Okj0_8B1AzDgq4Q7kjkNGXEbkUhNcqpP","timestamp":"2025-12-07 18:44:52","tokenReceived":"none"}
{"level":"error","message":"[CSRF] CSRF token validation failed:","method":"POST","path":"/api/posts","sessionId":"Okj0_8B1AzDgq4Q7kjkNGXEbkUhNcqpP","timestamp":"2025-12-07 18:45:13","tokenReceived":"fake-token-12345"}
{"level":"error","message":"[CSRF] CSRF token validation failed:","method":"POST","path":"/api/auth/login","sessionId":"jdpvoINLDtGKQrqZKM1NPt2BaTvJ7Mqe","timestamp":"2025-12-07 18:57:40","tokenReceived":"iUxrrTko-2Du-mUeNdONKuWU_tQs0DEFzGEw"}
{"level":"error","message":"[CSRF] CSRF token validation failed:","method":"POST","path":"/api/auth/login","sessionId":"jdpvoINLDtGKQrqZKM1NPt2BaTvJ7Mqe","timestamp":"2025-12-07 18:57:40","tokenReceived":"iUxrrTko-2Du-mUeNdONKuWU_tQs0DEFzGEw"}
